
**** Build of configuration Debug for project Blink ****

"D:\\Program Files\\TI\\CCS10\\ccs\\utils\\bin\\gmake" -k -j 4 all -O 
 
Building file: "../main.asm"
Invoking: MSP430 Compiler
"D:/Program Files/TI/CCS10/ccs/tools/compiler/ti-cgt-msp430_20.2.1.LTS/bin/cl430" -vmspx --code_model=small --data_model=small --use_hw_mpy=none --include_path="D:/Program Files/TI/CCS10/ccs/ccs_base/msp430/include" --include_path="D:/MCU_Dev/TI_MCU/FR2310/Blink" --include_path="D:/Program Files/TI/CCS10/ccs/tools/compiler/ti-cgt-msp430_20.2.1.LTS/include" --advice:power=all --advice:hw_config=all --define=__MSP430FR2310__ -g --printf_support=minimal --diag_warning=225 --diag_wrap=off --display_error_number --silicon_errata=CPU21 --silicon_errata=CPU22 --silicon_errata=CPU40 --preproc_with_compile --preproc_dependency="main.d_raw"  "../main.asm"
Finished building: "../main.asm"
 
Building target: "Blink.out"
Invoking: MSP430 Linker
"D:/Program Files/TI/CCS10/ccs/tools/compiler/ti-cgt-msp430_20.2.1.LTS/bin/cl430" -vmspx --code_model=small --data_model=small --use_hw_mpy=none --advice:power=all --advice:hw_config=all --define=__MSP430FR2310__ -g --printf_support=minimal --diag_warning=225 --diag_wrap=off --display_error_number --silicon_errata=CPU21 --silicon_errata=CPU22 --silicon_errata=CPU40 -z -m"Blink.map" --heap_size=0 --stack_size=0 --cinit_hold_wdt=on -i"D:/Program Files/TI/CCS10/ccs/ccs_base/msp430/include" -i"D:/Program Files/TI/CCS10/ccs/tools/compiler/ti-cgt-msp430_20.2.1.LTS/lib" -i"D:/Program Files/TI/CCS10/ccs/tools/compiler/ti-cgt-msp430_20.2.1.LTS/include" --reread_libs --diag_wrap=off --display_error_number --warn_sections --xml_link_info="Blink_linkInfo.xml" --entry_point=RESET --use_hw_mpy=none -o "Blink.out" "./main.obj" "../lnk_msp430fr2310.cmd"  -llibc.a 
<Linking>
warning #10366-D: automatic library build: using library "D:\Program Files\TI\CCS10\ccs\tools\compiler\ti-cgt-msp430_20.2.1.LTS\lib\rts430x_sc_sd_eabi.lib" for the first time, so it must be built.  This may take a few minutes.
'd:/program' is not recognized as an internal or external command,
operable program or batch file.
>> ERROR: mklib: gmake error during rts430x_sc_sd_eabi.lib build
warning #10207-D: automatic RTS selection:  resolving index library "libc.a" to "rts430x_sc_sd_eabi.lib", but "rts430x_sc_sd_eabi.lib" was not found
"../lnk_msp430fr2310.cmd", line 221: warning #10374-D: Interrupt vector "ECOMP0" does not have an interrupt handler routine.
"../lnk_msp430fr2310.cmd", line 222: warning #10374-D: Interrupt vector "PORT2" does not have an interrupt handler routine.
"../lnk_msp430fr2310.cmd", line 223: warning #10374-D: Interrupt vector "PORT1" does not have an interrupt handler routine.
"../lnk_msp430fr2310.cmd", line 224: warning #10374-D: Interrupt vector "ADC" does not have an interrupt handler routine.
"../lnk_msp430fr2310.cmd", line 225: warning #10374-D: Interrupt vector "EUSCI_B0" does not have an interrupt handler routine.
"../lnk_msp430fr2310.cmd", line 226: warning #10374-D: Interrupt vector "EUSCI_A0" does not have an interrupt handler routine.
"../lnk_msp430fr2310.cmd", line 227: warning #10374-D: Interrupt vector "WDT" does not have an interrupt handler routine.
"../lnk_msp430fr2310.cmd", line 228: warning #10374-D: Interrupt vector "RTC" does not have an interrupt handler routine.
"../lnk_msp430fr2310.cmd", line 229: warning #10374-D: Interrupt vector "TIMER1_B1" does not have an interrupt handler routine.
"../lnk_msp430fr2310.cmd", line 230: warning #10374-D: Interrupt vector "TIMER1_B0" does not have an interrupt handler routine.
"../lnk_msp430fr2310.cmd", line 231: warning #10374-D: Interrupt vector "TIMER0_B1" does not have an interrupt handler routine.
"../lnk_msp430fr2310.cmd", line 232: warning #10374-D: Interrupt vector "TIMER0_B0" does not have an interrupt handler routine.
"../lnk_msp430fr2310.cmd", line 233: warning #10374-D: Interrupt vector "UNMI" does not have an interrupt handler routine.
"../lnk_msp430fr2310.cmd", line 234: warning #10374-D: Interrupt vector "SYSNMI" does not have an interrupt handler routine.
 
 undefined  first referenced
  symbol        in file     
 ---------  ----------------
 __TI_int45                 
 __TI_int46                 
 __TI_int47                 
 __TI_int48                 
 __TI_int49                 
 __TI_int50                 
 __TI_int51                 
 __TI_int52                 
 __TI_int53                 
 __TI_int54                 
 __TI_int55                 
 __TI_int56                 
 __TI_int57                 
 __TI_int58                 
 
error #10234-D: unresolved symbols remain
error #10010: errors encountered during linking; "Blink.out" not built
 
>> Compilation failure
makefile:141: recipe for target 'Blink.out' failed
gmake[1]: *** [Blink.out] Error 1
makefile:137: recipe for target 'all' failed
gmake: *** [all] Error 2

**** Build Finished ****
